Info: Start Nativelink Simulation process

========= EDA Simulation Settings =====================

Sim Mode              :  Gate
Family                :  stratixii
Quartus root          :  c:/altera/91sp2/quartus/bin/
Quartus sim root      :  c:/altera/91sp2/quartus/eda/sim_lib
Simulation Tool       :  modelsim-altera
Simulation Language   :  verilog
Simulation Mode       :  GUI
Sim Output File       :  s1111442_lab07.vo
Sim SDF file          :  s1111442_lab07__verilog.sdo
Sim dir               :  simulation\modelsim

=======================================================

Info: Starting NativeLink simulation with ModelSim-Altera software
Sourced NativeLink script c:/altera/91sp2/quartus/common/tcl/internal/nativelink/modelsim.tcl
Warning: File s1111442_lab07_run_msim_gate_verilog.do already exists - backing up current file as s1111442_lab07_run_msim_gate_verilog.do.bak2
Probing transcript
ModelSim-Altera Info: # Reading C:/altera/91sp2/modelsim_ase/tcl/vsim/pref.tcl 
ModelSim-Altera Info: # do s1111442_lab07_run_msim_gate_verilog.do 
ModelSim-Altera Info: # if {[file exists gate_work]} {
ModelSim-Altera Info: # 	vdel -lib gate_work -all
ModelSim-Altera Info: # }
ModelSim-Altera Info: # vlib gate_work
ModelSim-Altera Info: # vmap work gate_work
ModelSim-Altera Info: # Copying C:\altera\91sp2\modelsim_ase\win32aloem/../modelsim.ini to modelsim.ini
ModelSim-Altera Info: # Modifying modelsim.ini
ModelSim-Altera Warning: # ** Warning: Copied C:\altera\91sp2\modelsim_ase\win32aloem/../modelsim.ini to modelsim.ini.
ModelSim-Altera Info: #          Updated modelsim.ini.
ModelSim-Altera Info: # 
ModelSim-Altera Info: # vlog -vlog01compat -work work +incdir+. {s1111442_lab07.vo}
ModelSim-Altera Info: # Model Technology ModelSim ALTERA vlog 6.5b Compiler 2009.10 Oct  1 2009
ModelSim-Altera Info: # -- Compiling module s1111442_lab07
ModelSim-Altera Info: # 
ModelSim-Altera Info: # Top level modules:
ModelSim-Altera Info: # 	s1111442_lab07
ModelSim-Altera Info: # 
ModelSim-Altera Info: # vlog -vlog01compat -work work +incdir+C:/Users/User/OneDrive/Desktop/2/work/s1111442_lab07 {C:/Users/User/OneDrive/Desktop/2/work/s1111442_lab07/test.v}
ModelSim-Altera Info: # Model Technology ModelSim ALTERA vlog 6.5b Compiler 2009.10 Oct  1 2009
ModelSim-Altera Info: # -- Compiling module test
ModelSim-Altera Info: # 
ModelSim-Altera Info: # Top level modules:
ModelSim-Altera Info: # 	test
ModelSim-Altera Info: # 
ModelSim-Altera Info: # vsim -t 1ps +transport_int_delays +transport_path_delays -L stratixii_ver -L gate_work -L work -voptargs="+acc" test
ModelSim-Altera Info: # vsim +transport_int_delays +transport_path_delays -L stratixii_ver -L gate_work -L work -voptargs=\"+acc\" -t 1ps test 
ModelSim-Altera Info: # Loading work.test
ModelSim-Altera Info: # Loading work.s1111442_lab07
ModelSim-Altera Info: # Loading stratixii_ver.stratixii_io
ModelSim-Altera Info: # Loading stratixii_ver.stratixii_io_register
ModelSim-Altera Info: # Loading stratixii_ver.stratixii_io_latch
ModelSim-Altera Info: # Loading stratixii_ver.stratixii_and1
ModelSim-Altera Info: # Loading stratixii_ver.stratixii_mux21
ModelSim-Altera Info: # Loading stratixii_ver.stratixii_asynch_io
ModelSim-Altera Info: # Loading stratixii_ver.stratixii_lcell_comb
ModelSim-Altera Info: # SDF 6.5b Compiler 2009.10 Oct  1 2009
ModelSim-Altera Info: # 
ModelSim-Altera Info: # Loading instances from s1111442_lab07_v.sdo
ModelSim-Altera Info: # Loading timing data from s1111442_lab07_v.sdo
ModelSim-Altera Info: # ** Note: (vsim-3587) SDF Backannotation Successfully Completed.
ModelSim-Altera Info: #    Time: 0 ps  Iteration: 0  Region: /test  File: C:/Users/User/OneDrive/Desktop/2/work/s1111442_lab07/test.v
ModelSim-Altera Info: # 
ModelSim-Altera Info: # add wave *
ModelSim-Altera Info: # view structure
ModelSim-Altera Info: # .main_pane.structure.interior.cs.body.struct
ModelSim-Altera Info: # view signals
ModelSim-Altera Info: # .main_pane.objects.interior.cs.body
ModelSim-Altera Info: # run 1 us
Info: NativeLink simulation flow was successful
